<?xml version="1.0" encoding="UTF-8"?>
<testsuite xmlns:xsi="http://www.w3.org/2001/XMLSchema-instance" xsi:noNamespaceSchemaLocation="https://maven.apache.org/surefire/maven-surefire-plugin/xsd/surefire-test-report.xsd" version="3.0.1" name="com.arcada.devops.nylunvik.devopsLecture.AppTest" time="0.374" tests="1" errors="0" skipped="0" failures="0">
  <properties>
[...]
</properties>
  <testcase name="testCreateServer" classname="com.arcada.devops.nylunvik.devopsLecture.AppTest" time="0.362">
    <system-out><![CDATA[Vi körde några tests!
Hello. Your server has started. It is running on this port: http://localhost:8008/
]]></system-out>
    <system-err><![CDATA[okt. 01, 2024 1:51:01 EM org.junit.vintage.engine.support.UniqueIdReader lambda$apply$1
WARNING: Could not read unique ID for Description; using display name instead: testCreateServer(com.arcada.devops.nylunvik.devopsLecture.AppTest)
java.lang.NoSuchFieldException: fUniqueId
	at java.base/java.lang.Class.getDeclaredField(Class.java:2841)
	at org.junit.platform.commons.util.ReflectionUtils.lambda$tryToReadFieldValue$2(ReflectionUtils.java:639)
	at org.junit.platform.commons.function.Try.lambda$call$0(Try.java:57)
	at org.junit.platform.commons.function.Try.of(Try.java:93)
	at org.junit.platform.commons.function.Try.call(Try.java:57)
	at org.junit.platform.commons.util.ReflectionUtils.tryToReadFieldValue(ReflectionUtils.java:639)
	at org.junit.vintage.engine.support.UniqueIdReader.apply(UniqueIdReader.java:47)
	at org.junit.vintage.engine.support.UniqueIdReader.apply(UniqueIdReader.java:28)
	at java.base/java.util.function.Function.lambda$andThen$1(Function.java:88)
	at java.base/java.util.stream.Collectors.lambda$groupingBy$53(Collectors.java:1111)
	at java.base/java.util.stream.ReduceOps$3ReducingSink.accept(ReduceOps.java:169)
	at java.base/java.util.ArrayList$ArrayListSpliterator.forEachRemaining(ArrayList.java:1709)
	at java.base/java.util.stream.AbstractPipeline.copyInto(AbstractPipeline.java:570)
	at java.base/java.util.stream.AbstractPipeline.wrapAndCopyInto(AbstractPipeline.java:560)
	at java.base/java.util.stream.ReduceOps$ReduceOp.evaluateSequential(ReduceOps.java:921)
	at java.base/java.util.stream.AbstractPipeline.evaluate(AbstractPipeline.java:265)
	at java.base/java.util.stream.ReferencePipeline.collect(ReferencePipeline.java:727)
	at org.junit.vintage.engine.discovery.RunnerTestDescriptorPostProcessor.addChildrenRecursively(RunnerTestDescriptorPostProcessor.java:51)
	at org.junit.vintage.engine.discovery.RunnerTestDescriptorPostProcessor.applyFiltersAndCreateDescendants(RunnerTestDescriptorPostProcessor.java:41)
	at org.junit.vintage.engine.discovery.VintageDiscoverer.discover(VintageDiscoverer.java:46)
	at org.junit.vintage.engine.VintageTestEngine.discover(VintageTestEngine.java:64)
	at org.junit.platform.launcher.core.EngineDiscoveryOrchestrator.discoverEngineRoot(EngineDiscoveryOrchestrator.java:152)
	at org.junit.platform.launcher.core.EngineDiscoveryOrchestrator.discoverSafely(EngineDiscoveryOrchestrator.java:132)
	at org.junit.platform.launcher.core.EngineDiscoveryOrchestrator.discover(EngineDiscoveryOrchestrator.java:107)
	at org.junit.platform.launcher.core.EngineDiscoveryOrchestrator.discover(EngineDiscoveryOrchestrator.java:78)
	at org.junit.platform.launcher.core.DefaultLauncher.discover(DefaultLauncher.java:99)
	at org.junit.platform.launcher.core.DefaultLauncher.discover(DefaultLauncher.java:77)
	at org.junit.platform.launcher.core.DelegatingLauncher.discover(DelegatingLauncher.java:42)
	at org.apache.maven.surefire.junitplatform.LazyLauncher.discover(LazyLauncher.java:50)
	at org.apache.maven.surefire.junitplatform.TestPlanScannerFilter.accept(TestPlanScannerFilter.java:52)
	at org.apache.maven.surefire.api.util.DefaultScanResult.applyFilter(DefaultScanResult.java:87)
	at org.apache.maven.surefire.junitplatform.JUnitPlatformProvider.scanClasspath(JUnitPlatformProvider.java:142)
	at org.apache.maven.surefire.junitplatform.JUnitPlatformProvider.invoke(JUnitPlatformProvider.java:122)
	at org.apache.maven.surefire.booter.ForkedBooter.runSuitesInProcess(ForkedBooter.java:385)
	at org.apache.maven.surefire.booter.ForkedBooter.execute(ForkedBooter.java:162)
	at org.apache.maven.surefire.booter.ForkedBooter.run(ForkedBooter.java:507)
	at org.apache.maven.surefire.booter.ForkedBooter.main(ForkedBooter.java:495)

okt. 01, 2024 1:51:01 EM org.junit.vintage.engine.support.UniqueIdReader lambda$apply$1
WARNING: Could not read unique ID for Description; using display name instead: testCreateServer(com.arcada.devops.nylunvik.devopsLecture.AppTest)
java.lang.NoSuchFieldException: fUniqueId
	at java.base/java.lang.Class.getDeclaredField(Class.java:2841)
	at org.junit.platform.commons.util.ReflectionUtils.lambda$tryToReadFieldValue$2(ReflectionUtils.java:639)
	at org.junit.platform.commons.function.Try.lambda$call$0(Try.java:57)
	at org.junit.platform.commons.function.Try.of(Try.java:93)
	at org.junit.platform.commons.function.Try.call(Try.java:57)
	at org.junit.platform.commons.util.ReflectionUtils.tryToReadFieldValue(ReflectionUtils.java:639)
	at org.junit.vintage.engine.support.UniqueIdReader.apply(UniqueIdReader.java:47)
	at org.junit.vintage.engine.support.UniqueIdReader.apply(UniqueIdReader.java:28)
	at java.base/java.util.function.Function.lambda$andThen$1(Function.java:88)
	at java.base/java.util.stream.Collectors.lambda$groupingBy$53(Collectors.java:1111)
	at java.base/java.util.stream.ReduceOps$3ReducingSink.accept(ReduceOps.java:169)
	at java.base/java.util.ArrayList$ArrayListSpliterator.forEachRemaining(ArrayList.java:1709)
	at java.base/java.util.stream.AbstractPipeline.copyInto(AbstractPipeline.java:570)
	at java.base/java.util.stream.AbstractPipeline.wrapAndCopyInto(AbstractPipeline.java:560)
	at java.base/java.util.stream.ReduceOps$ReduceOp.evaluateSequential(ReduceOps.java:921)
	at java.base/java.util.stream.AbstractPipeline.evaluate(AbstractPipeline.java:265)
	at java.base/java.util.stream.ReferencePipeline.collect(ReferencePipeline.java:727)
	at org.junit.vintage.engine.discovery.RunnerTestDescriptorPostProcessor.addChildrenRecursively(RunnerTestDescriptorPostProcessor.java:51)
	at org.junit.vintage.engine.discovery.RunnerTestDescriptorPostProcessor.applyFiltersAndCreateDescendants(RunnerTestDescriptorPostProcessor.java:41)
	at org.junit.vintage.engine.discovery.VintageDiscoverer.discover(VintageDiscoverer.java:46)
	at org.junit.vintage.engine.VintageTestEngine.discover(VintageTestEngine.java:64)
	at org.junit.platform.launcher.core.EngineDiscoveryOrchestrator.discoverEngineRoot(EngineDiscoveryOrchestrator.java:152)
	at org.junit.platform.launcher.core.EngineDiscoveryOrchestrator.discoverSafely(EngineDiscoveryOrchestrator.java:132)
	at org.junit.platform.launcher.core.EngineDiscoveryOrchestrator.discover(EngineDiscoveryOrchestrator.java:107)
	at org.junit.platform.launcher.core.EngineDiscoveryOrchestrator.discover(EngineDiscoveryOrchestrator.java:78)
	at org.junit.platform.launcher.core.DefaultLauncher.discover(DefaultLauncher.java:99)
	at org.junit.platform.launcher.core.DefaultLauncher.execute(DefaultLauncher.java:85)
	at org.junit.platform.launcher.core.DelegatingLauncher.execute(DelegatingLauncher.java:47)
	at org.apache.maven.surefire.junitplatform.LazyLauncher.execute(LazyLauncher.java:56)
	at org.apache.maven.surefire.junitplatform.JUnitPlatformProvider.execute(JUnitPlatformProvider.java:184)
	at org.apache.maven.surefire.junitplatform.JUnitPlatformProvider.invokeAllTests(JUnitPlatformProvider.java:148)
	at org.apache.maven.surefire.junitplatform.JUnitPlatformProvider.invoke(JUnitPlatformProvider.java:122)
	at org.apache.maven.surefire.booter.ForkedBooter.runSuitesInProcess(ForkedBooter.java:385)
	at org.apache.maven.surefire.booter.ForkedBooter.execute(ForkedBooter.java:162)
	at org.apache.maven.surefire.booter.ForkedBooter.run(ForkedBooter.java:507)
	at org.apache.maven.surefire.booter.ForkedBooter.main(ForkedBooter.java:495)

]]></system-err>
  </testcase>
</testsuite>